grep: warning: GREP_OPTIONS is deprecated; please use an alias or script
2021-10-18 08:10:30,728 - auto_log.autolog - INFO - Init logger done!
grep: warning: GREP_OPTIONS is deprecated; please use an alias or script
ONNX file ./onnx_model_opset11/ShuffleNetV2_x0_25.onnx not found, please run yolov3_to_onnx.py first to generate it.
Error in atexit._run_exitfuncs:
Traceback (most recent call last):
  File "/usr/local/lib/python3.7/multiprocessing/popen_fork.py", line 28, in poll
    pid, sts = os.waitpid(self.pid, flag)
KeyboardInterrupt
Traceback (most recent call last):
  File "<string>", line 1, in <module>
  File "/usr/local/lib/python3.7/multiprocessing/spawn.py", line 105, in spawn_main
    exitcode = _main(fd)
  File "/usr/local/lib/python3.7/multiprocessing/spawn.py", line 114, in _main
    prepare(preparation_data)
  File "/usr/local/lib/python3.7/multiprocessing/spawn.py", line 225, in prepare
    _fixup_main_from_path(data['init_main_from_path'])
  File "/usr/local/lib/python3.7/multiprocessing/spawn.py", line 277, in _fixup_main_from_path
    run_name="__mp_main__")
  File "/usr/local/lib/python3.7/runpy.py", line 263, in run_path
    pkg_name=pkg_name, script_name=fname)
  File "/usr/local/lib/python3.7/runpy.py", line 96, in _run_module_code
    mod_name, mod_spec, pkg_name, script_name)
  File "/usr/local/lib/python3.7/runpy.py", line 85, in _run_code
    exec(code, run_globals)
  File "/paddle/full_chain/PR/TensorRT/inference_trt.py", line 9, in <module>
    import auto_log
  File "/usr/local/lib/python3.7/site-packages/auto_log/__init__.py", line 19, in <module>
    from .autolog import *
  File "/usr/local/lib/python3.7/site-packages/auto_log/autolog.py", line 21, in <module>
    import paddle
  File "/usr/local/lib/python3.7/site-packages/paddle/__init__.py", line 45, in <module>
    import paddle.distributed  # noqa: F401
  File "/usr/local/lib/python3.7/site-packages/paddle/distributed/__init__.py", line 15, in <module>
    from .spawn import spawn  # noqa: F401
  File "/usr/local/lib/python3.7/site-packages/paddle/distributed/spawn.py", line 28, in <module>
    from paddle.distributed.fleet.cloud_utils import use_paddlecloud
  File "/usr/local/lib/python3.7/site-packages/paddle/distributed/fleet/__init__.py", line 29, in <module>
    from . import metrics  # noqa: F401
  File "/usr/local/lib/python3.7/site-packages/paddle/distributed/fleet/metrics/__init__.py", line 15, in <module>
    from .metric import acc  # noqa: F401
  File "/usr/local/lib/python3.7/site-packages/paddle/distributed/fleet/metrics/metric.py", line 18, in <module>
    from paddle.static import Variable
  File "/usr/local/lib/python3.7/site-packages/paddle/static/__init__.py", line 15, in <module>
    from . import amp  # noqa: F401
  File "/usr/local/lib/python3.7/site-packages/paddle/static/amp/__init__.py", line 21, in <module>
    from ...fluid.contrib.mixed_precision import bf16  # noqa: F401
  File "/usr/local/lib/python3.7/site-packages/paddle/fluid/contrib/mixed_precision/bf16/__init__.py", line 19, in <module>
    from . import amp_utils
  File "<frozen importlib._bootstrap>", line 208, in _lock_unlock_module
  File "<frozen importlib._bootstrap>", line 103, in release
KeyboardInterrupt
